# JRE version: Java(TM) SE Runtime Environment (17.0.7+8) (build 17.0.7+8-LTS-224)
# Java VM: Java HotSpot(TM) 64-Bit Server VM (17.0.7+8-LTS-224, mixed mode, sharing, tiered, compressed oops, compressed class ptrs, g1 gc, windows-amd64)
GC Precious Log:
 CPUs: 3 total, 3 available
 Memory: 10178M
 Large Page Support: Disabled
 NUMA Support: Disabled
 Compressed Oops: Enabled (Zero based)
 Heap Region Size: 2M
 Heap Min Capacity: 8M
 Heap Initial Capacity: 160M
 Heap Max Capacity: 2546M
 Pre-touch: Disabled
 Parallel Workers: 3
 Concurrent Workers: 1
 Concurrent Refinement Workers: 3
 Periodic GC: Disabled
Heap:
 garbage-first heap   total 172032K, used 53110K [0x0000000760e00000, 0x0000000800000000)
  region size 2048K, 3 young (6144K), 3 survivors (6144K)
 Metaspace       used 31922K, committed 32256K, reserved 1081344K
  class space    used 3570K, committed 3712K, reserved 1048576K
GC Heap History (20 events):
Event: 1.306 GC heap after
{Heap after GC invocations=3 (full 0):
 garbage-first heap   total 163840K, used 3990K [0x0000000760e00000, 0x0000000800000000)
  region size 2048K, 1 young (2048K), 1 survivors (2048K)
 Metaspace       used 5511K, committed 5696K, reserved 1056768K
  class space    used 670K, committed 768K, reserved 1048576K
}
Event: 4.084 GC heap before
{Heap before GC invocations=3 (full 0):
 garbage-first heap   total 163840K, used 65430K [0x0000000760e00000, 0x0000000800000000)
  region size 2048K, 31 young (63488K), 1 survivors (2048K)
 Metaspace       used 14523K, committed 14720K, reserved 1064960K
  class space    used 1763K, committed 1856K, reserved 1048576K
}
Event: 4.101 GC heap after
{Heap after GC invocations=4 (full 0):
 garbage-first heap   total 163840K, used 9449K [0x0000000760e00000, 0x0000000800000000)
  region size 2048K, 4 young (8192K), 4 survivors (8192K)
 Metaspace       used 14523K, committed 14720K, reserved 1064960K
  class space    used 1763K, committed 1856K, reserved 1048576K
}
Event: 7.060 GC heap before
{Heap before GC invocations=4 (full 0):
 garbage-first heap   total 163840K, used 99561K [0x0000000760e00000, 0x0000000800000000)
  region size 2048K, 48 young (98304K), 4 survivors (8192K)
 Metaspace       used 16155K, committed 16384K, reserved 1064960K
  class space    used 1871K, committed 1984K, reserved 1048576K
}
Event: 7.093 GC heap after
{Heap after GC invocations=5 (full 0):
 garbage-first heap   total 163840K, used 16460K [0x0000000760e00000, 0x0000000800000000)
  region size 2048K, 6 young (12288K), 6 survivors (12288K)
 Metaspace       used 16155K, committed 16384K, reserved 1064960K
  class space    used 1871K, committed 1984K, reserved 1048576K
}
Event: 9.019 GC heap before
{Heap before GC invocations=5 (full 0):
 garbage-first heap   total 163840K, used 59468K [0x0000000760e00000, 0x0000000800000000)
  region size 2048K, 26 young (53248K), 6 survivors (12288K)
 Metaspace       used 21134K, committed 21504K, reserved 1073152K
  class space    used 2487K, committed 2688K, reserved 1048576K
}
Event: 9.056 GC heap after
{Heap after GC invocations=6 (full 0):
 garbage-first heap   total 163840K, used 26683K [0x0000000760e00000, 0x0000000800000000)
  region size 2048K, 3 young (6144K), 3 survivors (6144K)
 Metaspace       used 21134K, committed 21504K, reserved 1073152K
  class space    used 2487K, committed 2688K, reserved 1048576K
}
Event: 10.719 GC heap before
{Heap before GC invocations=7 (full 0):
 garbage-first heap   total 102400K, used 81979K [0x0000000760e00000, 0x0000000800000000)
  region size 2048K, 31 young (63488K), 3 survivors (6144K)
 Metaspace       used 26128K, committed 26432K, reserved 1073152K
  class space    used 3013K, committed 3136K, reserved 1048576K
}
Event: 10.765 GC heap after
{Heap after GC invocations=8 (full 0):
 garbage-first heap   total 110592K, used 43010K [0x0000000760e00000, 0x0000000800000000)
  region size 2048K, 6 young (12288K), 6 survivors (12288K)
 Metaspace       used 26128K, committed 26432K, reserved 1073152K
  class space    used 3013K, committed 3136K, reserved 1048576K
}
Event: 10.847 GC heap before
{Heap before GC invocations=8 (full 0):
 garbage-first heap   total 110592K, used 45058K [0x0000000760e00000, 0x0000000800000000)
  region size 2048K, 7 young (14336K), 6 survivors (12288K)
 Metaspace       used 26158K, committed 26432K, reserved 1073152K
  class space    used 3014K, committed 3136K, reserved 1048576K
}
Event: 10.891 GC heap after
{Heap after GC invocations=9 (full 0):
 garbage-first heap   total 133120K, used 46008K [0x0000000760e00000, 0x0000000800000000)
  region size 2048K, 1 young (2048K), 1 survivors (2048K)
 Metaspace       used 26158K, committed 26432K, reserved 1073152K
  class space    used 3014K, committed 3136K, reserved 1048576K
}
Event: 13.080 GC heap before
{Heap before GC invocations=9 (full 0):
 garbage-first heap   total 133120K, used 91064K [0x0000000760e00000, 0x0000000800000000)
  region size 2048K, 24 young (49152K), 1 survivors (2048K)
 Metaspace       used 28224K, committed 28544K, reserved 1081344K
  class space    used 3234K, committed 3392K, reserved 1048576K
}
Event: 13.091 GC heap after
{Heap after GC invocations=10 (full 0):
 garbage-first heap   total 133120K, used 48079K [0x0000000760e00000, 0x0000000800000000)
  region size 2048K, 2 young (4096K), 2 survivors (4096K)
 Metaspace       used 28224K, committed 28544K, reserved 1081344K
  class space    used 3234K, committed 3392K, reserved 1048576K
}
Event: 14.450 GC heap before
{Heap before GC invocations=11 (full 0):
 garbage-first heap   total 133120K, used 95183K [0x0000000760e00000, 0x0000000800000000)
  region size 2048K, 25 young (51200K), 2 survivors (4096K)
 Metaspace       used 29193K, committed 29504K, reserved 1081344K
  class space    used 3320K, committed 3456K, reserved 1048576K
}
Event: 14.474 GC heap after
{Heap after GC invocations=12 (full 0):
 garbage-first heap   total 133120K, used 50034K [0x0000000760e00000, 0x0000000800000000)
  region size 2048K, 3 young (6144K), 3 survivors (6144K)
 Metaspace       used 29193K, committed 29504K, reserved 1081344K
  class space    used 3320K, committed 3456K, reserved 1048576K
}
Event: 15.145 GC heap before
{Heap before GC invocations=12 (full 0):
 garbage-first heap   total 133120K, used 99186K [0x0000000760e00000, 0x0000000800000000)
  region size 2048K, 27 young (55296K), 3 survivors (6144K)
 Metaspace       used 29370K, committed 29760K, reserved 1081344K
  class space    used 3326K, committed 3520K, reserved 1048576K
}
Event: 15.165 GC heap after
{Heap after GC invocations=13 (full 0):
 garbage-first heap   total 133120K, used 51418K [0x0000000760e00000, 0x0000000800000000)
  region size 2048K, 2 young (4096K), 2 survivors (4096K)
 Metaspace       used 29370K, committed 29760K, reserved 1081344K
  class space    used 3326K, committed 3520K, reserved 1048576K
}
Event: 15.824 GC heap before
{Heap before GC invocations=13 (full 0):
 garbage-first heap   total 133120K, used 100570K [0x0000000760e00000, 0x0000000800000000)
  region size 2048K, 26 young (53248K), 2 survivors (4096K)
 Metaspace       used 29482K, committed 29888K, reserved 1081344K
  class space    used 3326K, committed 3520K, reserved 1048576K
}
Event: 15.837 GC heap after
{Heap after GC invocations=14 (full 0):
 garbage-first heap   total 133120K, used 51431K [0x0000000760e00000, 0x0000000800000000)
  region size 2048K, 2 young (4096K), 2 survivors (4096K)
 Metaspace       used 29482K, committed 29888K, reserved 1081344K
  class space    used 3326K, committed 3520K, reserved 1048576K
}
Event: 18.840 GC heap before
{Heap before GC invocations=14 (full 0):
 garbage-first heap   total 133120K, used 100583K [0x0000000760e00000, 0x0000000800000000)
  region size 2048K, 27 young (55296K), 2 survivors (4096K)
 Metaspace       used 31922K, committed 32256K, reserved 1081344K
  class space    used 3570K, committed 3712K, reserved 1048576K
}

